scenario fail-after=01
acquire phase=01
failure phase=01
rollback phase=01
complete live=0
scenario fail-after=02
acquire phase=01
acquire phase=02
failure phase=02
rollback phase=02
rollback phase=01
complete live=0
scenario fail-after=03
acquire phase=01
acquire phase=02
acquire phase=03
failure phase=03
rollback phase=03
rollback phase=02
rollback phase=01
complete live=0
scenario fail-after=04
acquire phase=01
acquire phase=02
acquire phase=03
acquire phase=04
failure phase=04
rollback phase=04
rollback phase=03
rollback phase=02
rollback phase=01
complete live=0
scenario fail-after=05
acquire phase=01
acquire phase=02
acquire phase=03
acquire phase=04
acquire phase=05
failure phase=05
rollback phase=05
rollback phase=04
rollback phase=03
rollback phase=02
rollback phase=01
complete live=0
scenario fail-after=06
acquire phase=01
acquire phase=02
acquire phase=03
acquire phase=04
acquire phase=05
acquire phase=06
failure phase=06
rollback phase=06
rollback phase=05
rollback phase=04
rollback phase=03
rollback phase=02
rollback phase=01
complete live=0
scenario fail-after=07
acquire phase=01
acquire phase=02
acquire phase=03
acquire phase=04
acquire phase=05
acquire phase=06
acquire phase=07
failure phase=07
rollback phase=07
rollback phase=06
rollback phase=05
rollback phase=04
rollback phase=03
rollback phase=02
rollback phase=01
complete live=0
scenario fail-after=08
acquire phase=01
acquire phase=02
acquire phase=03
acquire phase=04
acquire phase=05
acquire phase=06
acquire phase=07
acquire phase=08
failure phase=08
rollback phase=08
rollback phase=07
rollback phase=06
rollback phase=05
rollback phase=04
rollback phase=03
rollback phase=02
rollback phase=01
complete live=0
scenario fail-after=09
acquire phase=01
acquire phase=02
acquire phase=03
acquire phase=04
acquire phase=05
acquire phase=06
acquire phase=07
acquire phase=08
acquire phase=09
failure phase=09
rollback phase=09
rollback phase=08
rollback phase=07
rollback phase=06
rollback phase=05
rollback phase=04
rollback phase=03
rollback phase=02
rollback phase=01
complete live=0
scenario fail-after=10
acquire phase=01
acquire phase=02
acquire phase=03
acquire phase=04
acquire phase=05
acquire phase=06
acquire phase=07
acquire phase=08
acquire phase=09
acquire phase=10
failure phase=10
rollback phase=10
rollback phase=09
rollback phase=08
rollback phase=07
rollback phase=06
rollback phase=05
rollback phase=04
rollback phase=03
rollback phase=02
rollback phase=01
complete live=0
scenario fail-after=11
acquire phase=01
acquire phase=02
acquire phase=03
acquire phase=04
acquire phase=05
acquire phase=06
acquire phase=07
acquire phase=08
acquire phase=09
acquire phase=10
acquire phase=11
failure phase=11
rollback phase=11
rollback phase=10
rollback phase=09
rollback phase=08
rollback phase=07
rollback phase=06
rollback phase=05
rollback phase=04
rollback phase=03
rollback phase=02
rollback phase=01
complete live=0
scenario fail-after=12
acquire phase=01
acquire phase=02
acquire phase=03
acquire phase=04
acquire phase=05
acquire phase=06
acquire phase=07
acquire phase=08
acquire phase=09
acquire phase=10
acquire phase=11
acquire phase=12
failure phase=12
rollback phase=12
rollback phase=11
rollback phase=10
rollback phase=09
rollback phase=08
rollback phase=07
rollback phase=06
rollback phase=05
rollback phase=04
rollback phase=03
rollback phase=02
rollback phase=01
complete live=0
scenario fail-after=00
acquire phase=01
acquire phase=02
acquire phase=03
acquire phase=04
acquire phase=05
acquire phase=06
acquire phase=07
acquire phase=08
acquire phase=09
acquire phase=10
acquire phase=11
acquire phase=12
success live=12
